2022-11-22T00:50:25+00:00 DEBUG 
====Log Details: ===
====Start Log====
WPS Renewal Subscriptions: Array
(
)

====End Log====


2022-11-22T00:50:25+00:00 DEBUG 
====Log Details: ===
====Start Log====
WPS Expired Subscriptions: Array
(
)

====End Log====


2022-11-22T01:52:52+00:00 DEBUG 
====Log Details: ===
====Start Log====
WPS Renewal Subscriptions: Array
(
)

====End Log====


2022-11-22T01:52:52+00:00 DEBUG 
====Log Details: ===
====Start Log====
WPS Expired Subscriptions: Array
(
)

====End Log====


2022-11-22T02:55:48+00:00 DEBUG 
====Log Details: ===
====Start Log====
WPS Renewal Subscriptions: Array
(
)

====End Log====


2022-11-22T02:55:48+00:00 DEBUG 
====Log Details: ===
====Start Log====
WPS Expired Subscriptions: Array
(
)

====End Log====


2022-11-22T03:58:16+00:00 DEBUG 
====Log Details: ===
====Start Log====
WPS Renewal Subscriptions: Array
(
)

====End Log====


2022-11-22T03:58:16+00:00 DEBUG 
====Log Details: ===
====Start Log====
WPS Expired Subscriptions: Array
(
)

====End Log====


2022-11-22T05:01:18+00:00 DEBUG 
====Log Details: ===
====Start Log====
WPS Renewal Subscriptions: Array
(
)

====End Log====


2022-11-22T05:01:18+00:00 DEBUG 
====Log Details: ===
====Start Log====
WPS Expired Subscriptions: Array
(
)

====End Log====


2022-11-22T06:03:55+00:00 DEBUG 
====Log Details: ===
====Start Log====
WPS Renewal Subscriptions: Array
(
)

====End Log====


2022-11-22T06:03:55+00:00 DEBUG 
====Log Details: ===
====Start Log====
WPS Expired Subscriptions: Array
(
)

====End Log====


2022-11-22T07:06:29+00:00 DEBUG 
====Log Details: ===
====Start Log====
WPS Renewal Subscriptions: Array
(
)

====End Log====


2022-11-22T07:06:29+00:00 DEBUG 
====Log Details: ===
====Start Log====
WPS Expired Subscriptions: Array
(
)

====End Log====


2022-11-22T08:09:57+00:00 DEBUG 
====Log Details: ===
====Start Log====
WPS Renewal Subscriptions: Array
(
)

====End Log====


2022-11-22T08:09:57+00:00 DEBUG 
====Log Details: ===
====Start Log====
WPS Expired Subscriptions: Array
(
)

====End Log====


