2022-11-21T12:46:42+00:00 DEBUG 
====Log Details: ===
====Start Log====
WPS Renewal Subscriptions: Array
(
)

====End Log====


2022-11-21T12:46:42+00:00 DEBUG 
====Log Details: ===
====Start Log====
WPS Expired Subscriptions: Array
(
)

====End Log====


2022-11-21T13:47:34+00:00 DEBUG 
====Log Details: ===
====Start Log====
WPS Renewal Subscriptions: Array
(
)

====End Log====


2022-11-21T13:47:34+00:00 DEBUG 
====Log Details: ===
====Start Log====
WPS Expired Subscriptions: Array
(
)

====End Log====


2022-11-21T14:47:36+00:00 DEBUG 
====Log Details: ===
====Start Log====
WPS Renewal Subscriptions: Array
(
)

====End Log====


2022-11-21T14:47:36+00:00 DEBUG 
====Log Details: ===
====Start Log====
WPS Expired Subscriptions: Array
(
)

====End Log====


2022-11-21T15:47:48+00:00 DEBUG 
====Log Details: ===
====Start Log====
WPS Renewal Subscriptions: Array
(
)

====End Log====


2022-11-21T15:47:49+00:00 DEBUG 
====Log Details: ===
====Start Log====
WPS Expired Subscriptions: Array
(
)

====End Log====


2022-11-21T16:48:49+00:00 DEBUG 
====Log Details: ===
====Start Log====
WPS Renewal Subscriptions: Array
(
)

====End Log====


2022-11-21T16:48:49+00:00 DEBUG 
====Log Details: ===
====Start Log====
WPS Expired Subscriptions: Array
(
)

====End Log====


2022-11-21T17:54:55+00:00 DEBUG 
====Log Details: ===
====Start Log====
WPS Renewal Subscriptions: Array
(
)

====End Log====


2022-11-21T17:54:55+00:00 DEBUG 
====Log Details: ===
====Start Log====
WPS Expired Subscriptions: Array
(
)

====End Log====


2022-11-21T19:37:18+00:00 DEBUG 
====Log Details: ===
====Start Log====
WPS Renewal Subscriptions: Array
(
)

====End Log====


2022-11-21T19:37:18+00:00 DEBUG 
====Log Details: ===
====Start Log====
WPS Expired Subscriptions: Array
(
)

====End Log====


2022-11-21T20:39:36+00:00 DEBUG 
====Log Details: ===
====Start Log====
WPS Renewal Subscriptions: Array
(
)

====End Log====


2022-11-21T20:39:36+00:00 DEBUG 
====Log Details: ===
====Start Log====
WPS Expired Subscriptions: Array
(
)

====End Log====


2022-11-21T21:42:01+00:00 DEBUG 
====Log Details: ===
====Start Log====
WPS Renewal Subscriptions: Array
(
)

====End Log====


2022-11-21T21:42:01+00:00 DEBUG 
====Log Details: ===
====Start Log====
WPS Expired Subscriptions: Array
(
)

====End Log====


2022-11-21T22:45:20+00:00 DEBUG 
====Log Details: ===
====Start Log====
WPS Renewal Subscriptions: Array
(
)

====End Log====


2022-11-21T22:45:20+00:00 DEBUG 
====Log Details: ===
====Start Log====
WPS Expired Subscriptions: Array
(
)

====End Log====


2022-11-21T23:47:28+00:00 DEBUG 
====Log Details: ===
====Start Log====
WPS Renewal Subscriptions: Array
(
)

====End Log====


2022-11-21T23:47:28+00:00 DEBUG 
====Log Details: ===
====Start Log====
WPS Expired Subscriptions: Array
(
)

====End Log====


